f:\year 2\pfi\fltk-initail-upload\x64\debug\vc143.pdb
f:\year 2\pfi\fltk-initail-upload\x64\debug\vc143.idb
f:\year 2\pfi\fltk-initail-upload\x64\debug\wsa.obj
f:\year 2\pfi\fltk-initail-upload\x64\debug\timer.obj
f:\year 2\pfi\fltk-initail-upload\x64\debug\serversocket.obj
f:\year 2\pfi\fltk-initail-upload\x64\debug\server.obj
f:\year 2\pfi\fltk-initail-upload\x64\debug\mainwindowlayout.obj
f:\year 2\pfi\fltk-initail-upload\x64\debug\mainwindow.obj
f:\year 2\pfi\fltk-initail-upload\x64\debug\main.obj
f:\year 2\pfi\fltk-initail-upload\x64\debug\clientsocket.obj
f:\year 2\pfi\fltk-initail-upload\x64\debug\client.obj
f:\year 2\pfi\fltk-initail-upload\x64\debug\pfiprogram.pdb
f:\year 2\pfi\fltk-initail-upload\x64\debug\pfiprogram.tlog\cl.command.1.tlog
f:\year 2\pfi\fltk-initail-upload\x64\debug\pfiprogram.tlog\cl.items.tlog
f:\year 2\pfi\fltk-initail-upload\x64\debug\pfiprogram.tlog\cl.read.1.tlog
f:\year 2\pfi\fltk-initail-upload\x64\debug\pfiprogram.tlog\cl.write.1.tlog
f:\year 2\pfi\fltk-initail-upload\x64\debug\pfiprogram.tlog\link.53424-cvtres.read.1.tlog
f:\year 2\pfi\fltk-initail-upload\x64\debug\pfiprogram.tlog\link.53424-cvtres.write.1.tlog
f:\year 2\pfi\fltk-initail-upload\x64\debug\pfiprogram.tlog\link.53424-rc.read.1.tlog
f:\year 2\pfi\fltk-initail-upload\x64\debug\pfiprogram.tlog\link.53424-rc.write.1.tlog
f:\year 2\pfi\fltk-initail-upload\x64\debug\pfiprogram.tlog\link.53424.read.1.tlog
f:\year 2\pfi\fltk-initail-upload\x64\debug\pfiprogram.tlog\link.53424.read.2.tlog
f:\year 2\pfi\fltk-initail-upload\x64\debug\pfiprogram.tlog\link.53424.write.1.tlog
f:\year 2\pfi\fltk-initail-upload\x64\debug\pfiprogram.tlog\link.command.1.tlog
f:\year 2\pfi\fltk-initail-upload\x64\debug\pfiprogram.tlog\link.read.1.tlog
f:\year 2\pfi\fltk-initail-upload\x64\debug\pfiprogram.tlog\link.write.1.tlog
