d:\s5613845\fltk-networking-assignment\pfiprogram\x64\debug\vc143.pdb
d:\s5613845\fltk-networking-assignment\pfiprogram\x64\debug\vc143.idb
d:\s5613845\fltk-networking-assignment\pfiprogram\x64\debug\wsa.obj
d:\s5613845\fltk-networking-assignment\pfiprogram\x64\debug\timer.obj
d:\s5613845\fltk-networking-assignment\pfiprogram\x64\debug\serversocket.obj
d:\s5613845\fltk-networking-assignment\pfiprogram\x64\debug\server.obj
d:\s5613845\fltk-networking-assignment\pfiprogram\x64\debug\mainwindowlayout.obj
d:\s5613845\fltk-networking-assignment\pfiprogram\x64\debug\mainwindow.obj
d:\s5613845\fltk-networking-assignment\pfiprogram\x64\debug\main.obj
d:\s5613845\fltk-networking-assignment\pfiprogram\x64\debug\clientsocket.obj
d:\s5613845\fltk-networking-assignment\pfiprogram\x64\debug\client.obj
d:\s5613845\fltk-networking-assignment\pfiprogram\x64\debug\pfiprogram.ilk
d:\s5613845\fltk-networking-assignment\x64\debug\pfiprogram.pdb
d:\s5613845\fltk-networking-assignment\pfiprogram\x64\debug\pfiprogram.tlog\cl.command.1.tlog
d:\s5613845\fltk-networking-assignment\pfiprogram\x64\debug\pfiprogram.tlog\cl.items.tlog
d:\s5613845\fltk-networking-assignment\pfiprogram\x64\debug\pfiprogram.tlog\cl.read.1.tlog
d:\s5613845\fltk-networking-assignment\pfiprogram\x64\debug\pfiprogram.tlog\cl.write.1.tlog
d:\s5613845\fltk-networking-assignment\pfiprogram\x64\debug\pfiprogram.tlog\link.17112-cvtres.read.1.tlog
d:\s5613845\fltk-networking-assignment\pfiprogram\x64\debug\pfiprogram.tlog\link.17112-cvtres.write.1.tlog
d:\s5613845\fltk-networking-assignment\pfiprogram\x64\debug\pfiprogram.tlog\link.17112-rc.read.1.tlog
d:\s5613845\fltk-networking-assignment\pfiprogram\x64\debug\pfiprogram.tlog\link.17112-rc.write.1.tlog
d:\s5613845\fltk-networking-assignment\pfiprogram\x64\debug\pfiprogram.tlog\link.17112.read.1.tlog
d:\s5613845\fltk-networking-assignment\pfiprogram\x64\debug\pfiprogram.tlog\link.17112.read.2.tlog
d:\s5613845\fltk-networking-assignment\pfiprogram\x64\debug\pfiprogram.tlog\link.17112.read.3.tlog
d:\s5613845\fltk-networking-assignment\pfiprogram\x64\debug\pfiprogram.tlog\link.17112.read.4.tlog
d:\s5613845\fltk-networking-assignment\pfiprogram\x64\debug\pfiprogram.tlog\link.17112.read.5.tlog
d:\s5613845\fltk-networking-assignment\pfiprogram\x64\debug\pfiprogram.tlog\link.17112.write.1.tlog
d:\s5613845\fltk-networking-assignment\pfiprogram\x64\debug\pfiprogram.tlog\link.command.1.tlog
d:\s5613845\fltk-networking-assignment\pfiprogram\x64\debug\pfiprogram.tlog\link.read.1.tlog
d:\s5613845\fltk-networking-assignment\pfiprogram\x64\debug\pfiprogram.tlog\link.secondary.1.tlog
d:\s5613845\fltk-networking-assignment\pfiprogram\x64\debug\pfiprogram.tlog\link.write.1.tlog
